c:\users\егор\desktop\c++\romalab\oop_lab4\debug\vc143.pdb
c:\users\егор\desktop\c++\romalab\oop_lab4\debug\vc143.idb
c:\users\егор\desktop\c++\romalab\oop_lab4\debug\circle.nativecodeanalysis.sarif
c:\users\егор\desktop\c++\romalab\oop_lab4\debug\circle.nativecodeanalysis.xml
c:\users\егор\desktop\c++\romalab\oop_lab4\debug\composite.nativecodeanalysis.sarif
c:\users\егор\desktop\c++\romalab\oop_lab4\debug\composite.nativecodeanalysis.xml
c:\users\егор\desktop\c++\romalab\oop_lab4\debug\controller.nativecodeanalysis.sarif
c:\users\егор\desktop\c++\romalab\oop_lab4\debug\controller.nativecodeanalysis.xml
c:\users\егор\desktop\c++\romalab\oop_lab4\debug\eventhandler.nativecodeanalysis.sarif
c:\users\егор\desktop\c++\romalab\oop_lab4\debug\eventhandler.nativecodeanalysis.xml
c:\users\егор\desktop\c++\romalab\oop_lab4\debug\figure.nativecodeanalysis.sarif
c:\users\егор\desktop\c++\romalab\oop_lab4\debug\figure.nativecodeanalysis.xml
c:\users\егор\desktop\c++\romalab\oop_lab4\debug\line.nativecodeanalysis.sarif
c:\users\егор\desktop\c++\romalab\oop_lab4\debug\line.nativecodeanalysis.xml
c:\users\егор\desktop\c++\romalab\oop_lab4\debug\oop_lab4.nativecodeanalysis.sarif
c:\users\егор\desktop\c++\romalab\oop_lab4\debug\oop_lab4.nativecodeanalysis.xml
c:\users\егор\desktop\c++\romalab\oop_lab4\debug\rectangle.nativecodeanalysis.sarif
c:\users\егор\desktop\c++\romalab\oop_lab4\debug\rectangle.nativecodeanalysis.xml
c:\users\егор\desktop\c++\romalab\oop_lab4\debug\square.nativecodeanalysis.sarif
c:\users\егор\desktop\c++\romalab\oop_lab4\debug\square.nativecodeanalysis.xml
c:\users\егор\desktop\c++\romalab\oop_lab4\debug\star.nativecodeanalysis.sarif
c:\users\егор\desktop\c++\romalab\oop_lab4\debug\star.nativecodeanalysis.xml
c:\users\егор\desktop\c++\romalab\oop_lab4\debug\triangle.nativecodeanalysis.sarif
c:\users\егор\desktop\c++\romalab\oop_lab4\debug\triangle.nativecodeanalysis.xml
c:\users\егор\desktop\c++\romalab\oop_lab4\debug\triangle.obj
c:\users\егор\desktop\c++\romalab\oop_lab4\debug\star.obj
c:\users\егор\desktop\c++\romalab\oop_lab4\debug\square.obj
c:\users\егор\desktop\c++\romalab\oop_lab4\debug\rectangle.obj
c:\users\егор\desktop\c++\romalab\oop_lab4\debug\oop_lab4.obj
c:\users\егор\desktop\c++\romalab\oop_lab4\debug\line.obj
c:\users\егор\desktop\c++\romalab\oop_lab4\debug\figure.obj
c:\users\егор\desktop\c++\romalab\oop_lab4\debug\eventhandler.obj
c:\users\егор\desktop\c++\romalab\oop_lab4\debug\controller.obj
c:\users\егор\desktop\c++\romalab\oop_lab4\debug\composite.obj
c:\users\егор\desktop\c++\romalab\oop_lab4\debug\circle.obj
c:\users\егор\desktop\c++\romalab\oop_lab4\debug\oop_lab4.ilk
c:\users\егор\desktop\c++\romalab\oop_lab4\debug\oop_lab4.exe
c:\users\егор\desktop\c++\romalab\oop_lab4\debug\oop_lab4.pdb
c:\users\егор\desktop\c++\romalab\oop_lab4\debug\vc.nativecodeanalysis.all.xml
c:\users\егор\desktop\c++\romalab\oop_lab4\debug\oop_lab4.tlog\cl.command.1.tlog
c:\users\егор\desktop\c++\romalab\oop_lab4\debug\oop_lab4.tlog\cl.read.1.tlog
c:\users\егор\desktop\c++\romalab\oop_lab4\debug\oop_lab4.tlog\cl.write.1.tlog
c:\users\егор\desktop\c++\romalab\oop_lab4\debug\oop_lab4.tlog\link.command.1.tlog
c:\users\егор\desktop\c++\romalab\oop_lab4\debug\oop_lab4.tlog\link.read.1.tlog
c:\users\егор\desktop\c++\romalab\oop_lab4\debug\oop_lab4.tlog\link.write.1.tlog
